<?xml version="1.0" encoding="UTF-8"?>
<!-- Generated by org.testng.reporters.JUnitXMLReporter -->
<testsuite ignored="0" hostname="Swati" failures="0" tests="2" name="Test-1" time="39.271" errors="0" timestamp="2025-04-07T14:34:23 IST">
  <testcase classname="com.crm.comcast.orgtest.CreateOrgTest_DynamiElts_tc07_ConfigAnnotation_5April2025" name="createOrgTest" time="12.976"/>
  <testcase classname="com.crm.comcast.orgtest.CreateOrgTest_DynamiElts_tc07_ConfigAnnotation_5April2025" name="createOrgTest3" time="12.555"/>
</testsuite> <!-- Test-1 -->
