<?xml version="1.0" encoding="UTF-8"?>
<!-- Generated by org.testng.reporters.JUnitXMLReporter -->
<testsuite ignored="4" hostname="Swati" failures="0" tests="2" name="Test" time="0.083" errors="0" timestamp="2025-04-12T20:40:43 IST">
  <testcase classname="com.comcast.crm.basetest.BaseClass" name="@BeforeClass configBforeClass" time="-1.744470642991E9">
    <failure type="org.testng.TestNGException" message="
Can inject only one of &amp;lt;ITestContext, XmlTest&amp;gt; into a @BeforeClass annotated configBforeClass.
For more information on native dependency injection please refer to https://testng.org/doc/documentation-main.html#native-dependency-injection">
      <![CDATA[org.testng.TestNGException: 
Can inject only one of <ITestContext, XmlTest> into a @BeforeClass annotated configBforeClass.
For more information on native dependency injection please refer to https://testng.org/doc/documentation-main.html#native-dependency-injection
at java.base/java.util.ArrayList.forEach(ArrayList.java:1597)
... Removed 22 stack frames]]>
    </failure>
  </testcase> <!-- @BeforeClass configBforeClass -->
  <testcase classname="com.comcast.crm.basetest.BaseClass" name="@BeforeMethod configBforeMethod" time="-1.744470643021E9">
    <skipped/>
  </testcase> <!-- @BeforeMethod configBforeMethod -->
  <testcase classname="com.comcast.crm.basetest.BaseClass" name="@AfterMethod configAfterMethod" time="-1.744470643031E9">
    <skipped/>
  </testcase> <!-- @AfterMethod configAfterMethod -->
  <testcase classname="com.comcast.crm.basetest.BaseClass" name="@AfterClass configAfterClass" time="-1.744470643035E9">
    <skipped/>
  </testcase> <!-- @AfterClass configAfterClass -->
  <testcase classname="com.comcast.crm.basetest.BaseClass" name="@BeforeClass configBforeClass" time="-1.74447064304E9">
    <failure type="org.testng.TestNGException" message="
Can inject only one of &amp;lt;ITestContext, XmlTest&amp;gt; into a @BeforeClass annotated configBforeClass.
For more information on native dependency injection please refer to https://testng.org/doc/documentation-main.html#native-dependency-injection">
      <![CDATA[org.testng.TestNGException: 
Can inject only one of <ITestContext, XmlTest> into a @BeforeClass annotated configBforeClass.
For more information on native dependency injection please refer to https://testng.org/doc/documentation-main.html#native-dependency-injection
at java.base/java.util.ArrayList.forEach(ArrayList.java:1597)
... Removed 22 stack frames]]>
    </failure>
  </testcase> <!-- @BeforeClass configBforeClass -->
  <testcase classname="com.comcast.crm.basetest.BaseClass" name="@BeforeMethod configBforeMethod" time="-1.744470643043E9">
    <skipped/>
  </testcase> <!-- @BeforeMethod configBforeMethod -->
  <testcase classname="com.comcast.crm.basetest.BaseClass" name="@AfterMethod configAfterMethod" time="-1.744470643053E9">
    <skipped/>
  </testcase> <!-- @AfterMethod configAfterMethod -->
  <testcase classname="com.comcast.crm.basetest.BaseClass" name="@AfterClass configAfterClass" time="-1.744470643056E9">
    <skipped/>
  </testcase> <!-- @AfterClass configAfterClass -->
  <testcase classname="com.crm.comcast.orgtest.CreateOrgTest_DynamiElts_tc07_ConfigAnnotation_5April2025" name="createOrgTest" time="0.0">
    <skipped/>
  </testcase> <!-- createOrgTest -->
  <testcase classname="com.crm.comcast.contacttest.CreateContactTest_DynamiElts_tc08_ConfigAnnotation_5April2025" name="createOrgTest2" time="0.0">
    <skipped/>
  </testcase> <!-- createOrgTest2 -->
  <testcase classname="com.comcast.crm.basetest.BaseClass" name="@AfterSuite configAfterSuite" time="0.0">
    <ignored/>
  </testcase> <!-- @AfterSuite configAfterSuite -->
  <testcase classname="com.crm.comcast.contacttest.CreateContactTest_DynamiElts_tc08_ConfigAnnotation_5April2025" name="createOrgTest" time="0.0">
    <ignored/>
  </testcase> <!-- createOrgTest -->
  <testcase classname="com.comcast.crm.basetest.BaseClass" name="@BeforeSuite configBforeSuite" time="0.0">
    <ignored/>
  </testcase> <!-- @BeforeSuite configBforeSuite -->
  <testcase classname="com.crm.comcast.orgtest.CreateOrgTest_DynamiElts_tc07_ConfigAnnotation_5April2025" name="createOrgTest3" time="0.0">
    <ignored/>
  </testcase> <!-- createOrgTest3 -->
</testsuite> <!-- Test -->
