<?xml version="1.0" encoding="UTF-8"?>
<!-- Generated by org.testng.reporters.JUnitXMLReporter -->
<testsuite ignored="0" hostname="Swati" failures="0" tests="2" name="Test-2" time="39.302" errors="0" timestamp="2025-04-07T14:34:23 IST">
  <testcase classname="com.crm.comcast.contacttest.CreateContactTest_DynamiElts_tc08_ConfigAnnotation_5April2025" name="createOrgTest" time="12.907"/>
  <testcase classname="com.crm.comcast.contacttest.CreateContactTest_DynamiElts_tc08_ConfigAnnotation_5April2025" name="createOrgTest2" time="12.618"/>
</testsuite> <!-- Test-2 -->
