<?xml version="1.0" encoding="UTF-8"?>
<!-- Generated by org.testng.reporters.JUnitXMLReporter -->
<testsuite ignored="2" hostname="Swati" failures="0" tests="4" name="TestRunner-chrome" time="129.313" errors="0" timestamp="2025-04-07T16:04:28 IST">
  <testcase classname="com.crm.comcast.contacttest.CreateContactTest_DynamiElts_tc08_ConfigAnnotation_5April2025" name="createOrgTest" time="25.439"/>
  <testcase classname="com.crm.comcast.contacttest.CreateContactTest_DynamiElts_tc08_ConfigAnnotation_5April2025" name="createOrgTest2" time="22.213"/>
  <testcase classname="com.crm.comcast.orgtest.CreateOrgTest_DynamiElts_tc07_ConfigAnnotation_5April2025" name="createOrgTest" time="24.684"/>
  <testcase classname="com.crm.comcast.orgtest.CreateOrgTest_DynamiElts_tc07_ConfigAnnotation_5April2025" name="createOrgTest3" time="19.796"/>
  <testcase classname="com.comcast.crm.basetest.BaseClass" name="@AfterSuite configAfterSuite" time="0.0">
    <ignored/>
  </testcase> <!-- @AfterSuite configAfterSuite -->
  <testcase classname="com.comcast.crm.basetest.BaseClass" name="@BeforeSuite configBforeSuite" time="0.0">
    <ignored/>
  </testcase> <!-- @BeforeSuite configBforeSuite -->
</testsuite> <!-- TestRunner-chrome -->
