<?xml version="1.0" encoding="UTF-8"?>
<!-- Generated by org.testng.reporters.JUnitReportReporter -->
<testsuite hostname="Swati" failures="0" tests="2" name="com.crm.comcast.contacttest.CreateContactConfigAnnotationsTest" time="0.013" errors="0" timestamp="2025-04-05T15:07:25 IST" skipped="0">
  <testcase classname="com.crm.comcast.contacttest.CreateContactConfigAnnotationsTest" name="createContact" time="0.009"/>
  <system-out/>
  <testcase classname="com.crm.comcast.contacttest.CreateContactConfigAnnotationsTest" name="createContactWithdate" time="0.004"/>
  <system-out/>
</testsuite> <!-- com.crm.comcast.contacttest.CreateContactConfigAnnotationsTest -->
