<?xml version="1.0" encoding="UTF-8"?>
<!-- Generated by org.testng.reporters.JUnitReportReporter -->
<testsuite hostname="Swati" failures="0" tests="2" name="practice.hometest.HomePageSample_ReporterTest" time="0.013" errors="0" timestamp="2025-04-18T10:58:20 IST" skipped="0">
  <testcase classname="practice.hometest.HomePageSample_ReporterTest" name="homePageTest" time="0.011"/>
  <system-out>
    <![CDATA[homePageTest Test Start 
Step-1
Step-2
Step-3
Step-4
Step-5
Step-6
homePageTest Test End ]]>
  </system-out>
  <testcase classname="practice.hometest.HomePageSample_ReporterTest" name="verifyLogoHomePageTest" time="0.002"/>
  <system-out>
    <![CDATA[verifyLogoHomePageTest Test Start 
Step-1
Step-2
Step-3
Step-4
Step-5
Step-6
verifyLogoHomePageTest Test End ]]>
  </system-out>
</testsuite> <!-- practice.hometest.HomePageSample_ReporterTest -->
