<?xml version="1.0" encoding="UTF-8"?>
<!-- Generated by org.testng.reporters.JUnitReportReporter -->
<testsuite hostname="Swati" failures="0" tests="2" name="practice.testng.OrderTest" time="0.010" errors="0" timestamp="2025-04-04T10:52:28 IST" skipped="0">
  <testcase classname="practice.testng.OrderTest" name="billingOrderTest" time="0.002"/>
  <system-out/>
  <testcase classname="practice.testng.OrderTest" name="createOrderTest" time="0.008"/>
  <system-out/>
</testsuite> <!-- practice.testng.OrderTest -->
