<?xml version="1.0" encoding="UTF-8"?>
<!-- Generated by org.testng.reporters.JUnitReportReporter -->
<testsuite hostname="Swati" failures="0" tests="2" name="practice.testng.Order_dependsOnMethodsTest" time="0.017" errors="0" timestamp="2025-04-12T20:12:28 IST" skipped="0">
  <testcase classname="practice.testng.Order_dependsOnMethodsTest" name="createOrderTest" time="0.013"/>
  <system-out/>
  <testcase classname="practice.testng.Order_dependsOnMethodsTest" name="billingOrderTest" time="0.004"/>
  <system-out/>
</testsuite> <!-- practice.testng.Order_dependsOnMethodsTest -->
