<?xml version="1.0" encoding="UTF-8"?>
<!-- Generated by org.testng.reporters.JUnitReportReporter -->
<testsuite hostname="Swati" failures="0" tests="1" name="com.crm.comcast.orgtest.CreateAccountTest_DynamiElts_tc08_ConfigAnnotation_5April2025" time="22.917" errors="0" timestamp="2025-04-05T23:31:11 IST" skipped="0">
  <testcase classname="com.crm.comcast.orgtest.CreateAccountTest_DynamiElts_tc08_ConfigAnnotation_5April2025" name="createOrgTest" time="22.917"/>
  <system-out/>
</testsuite> <!-- com.crm.comcast.orgtest.CreateAccountTest_DynamiElts_tc08_ConfigAnnotation_5April2025 -->
