<?xml version="1.0" encoding="UTF-8"?>
<!-- Generated by org.testng.reporters.JUnitReportReporter -->
<testsuite hostname="Swati" failures="0" tests="2" name="practice.testng.CreateContactConfigAnnotationsTest" time="0.017" errors="0" timestamp="2025-04-12T20:30:56 IST" skipped="0">
  <testcase classname="practice.testng.CreateContactConfigAnnotationsTest" name="createContact" time="0.013"/>
  <system-out/>
  <testcase classname="practice.testng.CreateContactConfigAnnotationsTest" name="createContactWithdate" time="0.004"/>
  <system-out/>
</testsuite> <!-- practice.testng.CreateContactConfigAnnotationsTest -->
