<?xml version="1.0" encoding="UTF-8"?>
<!-- Generated by org.testng.reporters.JUnitReportReporter -->
<testsuite hostname="Swati" failures="0" tests="3" name="practice.testng.ContactPriorityTest" time="0.021" errors="0" timestamp="2025-04-12T20:09:37 IST" skipped="0">
  <testcase classname="practice.testng.ContactPriorityTest" name="createContactTest" time="0.016"/>
  <system-out/>
  <testcase classname="practice.testng.ContactPriorityTest" name="modifyContactTest" time="0.003"/>
  <system-out/>
  <testcase classname="practice.testng.ContactPriorityTest" name="deleteContactTest" time="0.002"/>
  <system-out/>
</testsuite> <!-- practice.testng.ContactPriorityTest -->
