<?xml version="1.0" encoding="UTF-8"?>
<!-- Generated by org.testng.reporters.JUnitReportReporter -->
<testsuite hostname="Swati" failures="0" tests="1" name="com.crm.comcast.orgtest.DeleteOrgTest_DynamiElts_tc07_ConfigAnnotation" time="18.903" errors="0" timestamp="2025-04-05T16:28:36 IST" skipped="0">
  <testcase classname="com.crm.comcast.orgtest.DeleteOrgTest_DynamiElts_tc07_ConfigAnnotation" name="createOrgTest" time="18.903"/>
  <system-out/>
</testsuite> <!-- com.crm.comcast.orgtest.DeleteOrgTest_DynamiElts_tc07_ConfigAnnotation -->
