<?xml version="1.0" encoding="UTF-8"?>
<!-- Generated by org.testng.reporters.JUnitReportReporter -->
<testsuite hostname="Swati" failures="0" tests="3" name="practice.testng.CreateContact_DataProvider_Test" time="0.022" errors="0" timestamp="2025-04-12T20:24:22 IST" skipped="0">
  <testcase classname="practice.testng.CreateContact_DataProvider_Test" name="createContact" time="0.003"/>
  <system-out/>
  <testcase classname="practice.testng.CreateContact_DataProvider_Test" name="createContact" time="0.017"/>
  <system-out/>
  <testcase classname="practice.testng.CreateContact_DataProvider_Test" name="createContact" time="0.002"/>
  <system-out/>
</testsuite> <!-- practice.testng.CreateContact_DataProvider_Test -->
