<?xml version="1.0" encoding="UTF-8"?>
<!-- Generated by org.testng.reporters.JUnitReportReporter -->
<testsuite hostname="Swati" failures="0" tests="2" name="practice.hometest.HomePageSample_SoftAssertTest" time="0.018" errors="0" timestamp="2025-04-12T20:54:01 IST" skipped="0">
  <testcase classname="practice.hometest.HomePageSample_SoftAssertTest" name="verifyLogoHomePageTest" time="0.002"/>
  <system-out/>
  <testcase classname="practice.hometest.HomePageSample_SoftAssertTest" name="homePageTest" time="0.016"/>
  <system-out/>
</testsuite> <!-- practice.hometest.HomePageSample_SoftAssertTest -->
