<?xml version="1.0" encoding="UTF-8"?>
<!-- Generated by org.testng.reporters.JUnitReportReporter -->
<testsuite hostname="Swati" failures="0" tests="4" name="practice.testng.SampleReport2Test" time="0.396" errors="1" timestamp="2025-04-18T12:08:36 IST" skipped="3">
  <testcase classname="practice.testng.SampleReport2Test" name="createContactWithORGTest" time="0.000">
    <skipped/>
  </testcase> <!-- createContactWithORGTest -->
  <system-out/>
  <testcase classname="practice.testng.SampleReport2Test" name="createContactTest2" time="0.000">
    <skipped/>
  </testcase> <!-- createContactTest2 -->
  <system-out/>
  <testcase classname="practice.testng.SampleReport2Test" name="createContactWithPhoneNoTest" time="0.000">
    <skipped/>
  </testcase> <!-- createContactWithPhoneNoTest -->
  <system-out/>
  <testcase classname="practice.testng.SampleReport2Test" name="configBforeSuite" time="0.396">
    <error message="Cannot invoke &quot;com.aventstack.extentreports.ExtentReports.attachReporter(com.aventstack.extentreports.observer.ExtentObserver[])&quot; because &quot;this.report&quot; is null" type="java.lang.NullPointerException">
      <![CDATA[java.lang.NullPointerException: Cannot invoke "com.aventstack.extentreports.ExtentReports.attachReporter(com.aventstack.extentreports.observer.ExtentObserver[])" because "this.report" is null
at com.comcast.crm.basetest.BaseClass.configBforeSuite(BaseClass.java:53)
at java.base/jdk.internal.reflect.DirectMethodHandleAccessor.invoke(DirectMethodHandleAccessor.java:103)
at java.base/java.lang.reflect.Method.invoke(Method.java:580)
at org.testng.internal.MethodInvocationHelper.invokeMethod(MethodInvocationHelper.java:133)
at org.testng.internal.MethodInvocationHelper.invokeMethodConsideringTimeout(MethodInvocationHelper.java:62)
at org.testng.internal.ConfigInvoker.invokeConfigurationMethod(ConfigInvoker.java:385)
at org.testng.internal.ConfigInvoker.invokeConfigurations(ConfigInvoker.java:321)
at org.testng.SuiteRunner.privateRun(SuiteRunner.java:317)
at org.testng.SuiteRunner.run(SuiteRunner.java:276)
at org.testng.SuiteRunnerWorker.runSuite(SuiteRunnerWorker.java:53)
at org.testng.SuiteRunnerWorker.run(SuiteRunnerWorker.java:96)
at org.testng.TestNG.runSuitesSequentially(TestNG.java:1212)
at org.testng.TestNG.runSuitesLocally(TestNG.java:1134)
at org.testng.TestNG.runSuites(TestNG.java:1063)
at org.testng.TestNG.run(TestNG.java:1031)
at org.testng.remote.AbstractRemoteTestNG.run(AbstractRemoteTestNG.java:115)
at org.testng.remote.RemoteTestNG.initAndRun(RemoteTestNG.java:293)
at org.testng.remote.RemoteTestNG.main(RemoteTestNG.java:91)
]]>
    </error>
  </testcase> <!-- configBforeSuite -->
  <system-out/>
</testsuite> <!-- practice.testng.SampleReport2Test -->
