<?xml version="1.0" encoding="UTF-8"?>
<!-- Generated by org.testng.reporters.JUnitReportReporter -->
<testsuite hostname="Swati" failures="0" tests="3" name="practice.testng.Contact_dependsOnMethods_Test" time="0.013" errors="0" timestamp="2025-04-04T11:01:56 IST" skipped="0">
  <testcase classname="practice.testng.Contact_dependsOnMethods_Test" name="createContactTest" time="0.009"/>
  <system-out/>
  <testcase classname="practice.testng.Contact_dependsOnMethods_Test" name="modifyContactTest" time="0.002"/>
  <system-out/>
  <testcase classname="practice.testng.Contact_dependsOnMethods_Test" name="deleteContactTest" time="0.002"/>
  <system-out/>
</testsuite> <!-- practice.testng.Contact_dependsOnMethods_Test -->
