<?xml version="1.0" encoding="UTF-8"?>
<!-- Generated by org.testng.reporters.JUnitReportReporter -->
<testsuite hostname="Swati" failures="0" tests="3" name="practice.testng.ContactNoPriorityTest" time="0.022" errors="0" timestamp="2025-04-12T20:10:58 IST" skipped="0">
  <testcase classname="practice.testng.ContactNoPriorityTest" name="createContactTest" time="0.016"/>
  <system-out/>
  <testcase classname="practice.testng.ContactNoPriorityTest" name="deleteContactTest" time="0.003"/>
  <system-out/>
  <testcase classname="practice.testng.ContactNoPriorityTest" name="modifyContactTest" time="0.003"/>
  <system-out/>
</testsuite> <!-- practice.testng.ContactNoPriorityTest -->
