<?xml version="1.0" encoding="UTF-8"?>
<!-- Generated by org.testng.reporters.JUnitReportReporter -->
<testsuite hostname="Swati" failures="0" tests="2" name="practice.hometest.HomePageVerificationTest" time="15.215" errors="0" timestamp="2025-04-12T20:47:26 IST" skipped="0">
  <testcase classname="practice.hometest.HomePageVerificationTest" name="homePageTest" time="8.705"/>
  <system-out/>
  <testcase classname="practice.hometest.HomePageVerificationTest" name="verifyLogoHomePageTest" time="6.510"/>
  <system-out/>
</testsuite> <!-- practice.hometest.HomePageVerificationTest -->
