<?xml version="1.0" encoding="UTF-8"?>
<!-- Generated by org.testng.reporters.JUnitReportReporter -->
<testsuite hostname="Swati" failures="0" tests="3" name="practice.testng.CreateContact_DataProvider_Test2" time="0.019" errors="0" timestamp="2025-04-12T20:26:10 IST" skipped="0">
  <testcase classname="practice.testng.CreateContact_DataProvider_Test2" name="createContact" time="0.001"/>
  <system-out/>
  <testcase classname="practice.testng.CreateContact_DataProvider_Test2" name="createContact" time="0.016"/>
  <system-out/>
  <testcase classname="practice.testng.CreateContact_DataProvider_Test2" name="createContact" time="0.002"/>
  <system-out/>
</testsuite> <!-- practice.testng.CreateContact_DataProvider_Test2 -->
