<?xml version="1.0" encoding="UTF-8"?>
<!-- Generated by org.testng.reporters.JUnitReportReporter -->
<testsuite hostname="Swati" failures="0" tests="3" name="practice.testng.GetProductInfoExcelTest" time="18.371" errors="0" timestamp="2025-04-05T09:47:41 IST" skipped="0">
  <testcase classname="practice.testng.GetProductInfoExcelTest" name="getProductInfoTest" time="6.552"/>
  <system-out/>
  <testcase classname="practice.testng.GetProductInfoExcelTest" name="getProductInfoTest" time="5.520"/>
  <system-out/>
  <testcase classname="practice.testng.GetProductInfoExcelTest" name="getProductInfoTest" time="6.299"/>
  <system-out/>
</testsuite> <!-- practice.testng.GetProductInfoExcelTest -->
