<?xml version="1.0" encoding="UTF-8"?>
<!-- Generated by org.testng.reporters.JUnitReportReporter -->
<testsuite hostname="Swati" failures="0" tests="2" name="com.crm.comcast.orgtest.CreateContactTest_DynamiElts_tc08_ConfigAnnotation_5April2025" time="43.918" errors="0" timestamp="2025-04-05T23:42:16 IST" skipped="0">
  <testcase classname="com.crm.comcast.orgtest.CreateContactTest_DynamiElts_tc08_ConfigAnnotation_5April2025" name="createOrgTest" time="22.289"/>
  <system-out/>
  <testcase classname="com.crm.comcast.orgtest.CreateContactTest_DynamiElts_tc08_ConfigAnnotation_5April2025" name="createOrgTest2" time="21.629"/>
  <system-out/>
</testsuite> <!-- com.crm.comcast.orgtest.CreateContactTest_DynamiElts_tc08_ConfigAnnotation_5April2025 -->
