<?xml version="1.0" encoding="UTF-8"?>
<testng-results ignored="1" total="2" passed="1" failed="0" skipped="0">
  <reporter-output>
  </reporter-output>
  <suite started-at="2025-04-29T21:00:56 IST" name="Default suite" finished-at="2025-04-29T21:00:56 IST" duration-ms="34">
    <groups>
    </groups>
    <test started-at="2025-04-29T21:00:56 IST" name="Default test" finished-at="2025-04-29T21:00:56 IST" duration-ms="34">
      <class name="com.crm.comcast.orgtest.CreateOrgConfigAnnotationsTest">
        <test-method is-config="true" signature="configBforeSuite()[pri:0, instance:com.crm.comcast.orgtest.CreateOrgConfigAnnotationsTest@399f45b1]" started-at="2025-04-29T21:00:56 IST" name="configBforeSuite" finished-at="2025-04-29T21:00:56 IST" duration-ms="9" status="PASS">
          <reporter-output>
          </reporter-output>
        </test-method> <!-- configBforeSuite -->
        <test-method is-config="true" signature="configBforeClass()[pri:0, instance:com.crm.comcast.orgtest.CreateOrgConfigAnnotationsTest@399f45b1]" started-at="2025-04-29T21:00:56 IST" name="configBforeClass" finished-at="2025-04-29T21:00:56 IST" duration-ms="1" status="PASS">
          <reporter-output>
          </reporter-output>
        </test-method> <!-- configBforeClass -->
        <test-method is-config="true" signature="configBforeMethod()[pri:0, instance:com.crm.comcast.orgtest.CreateOrgConfigAnnotationsTest@399f45b1]" started-at="2025-04-29T21:00:56 IST" name="configBforeMethod" finished-at="2025-04-29T21:00:56 IST" duration-ms="1" status="PASS">
          <reporter-output>
          </reporter-output>
        </test-method> <!-- configBforeMethod -->
        <test-method signature="createOrg()[pri:0, instance:com.crm.comcast.orgtest.CreateOrgConfigAnnotationsTest@399f45b1]" started-at="2025-04-29T21:00:56 IST" name="createOrg" finished-at="2025-04-29T21:00:56 IST" duration-ms="7" status="PASS">
          <reporter-output>
          </reporter-output>
        </test-method> <!-- createOrg -->
        <test-method is-config="true" signature="configAfterMethod()[pri:0, instance:com.crm.comcast.orgtest.CreateOrgConfigAnnotationsTest@399f45b1]" started-at="2025-04-29T21:00:56 IST" name="configAfterMethod" finished-at="2025-04-29T21:00:56 IST" duration-ms="1" status="PASS">
          <reporter-output>
          </reporter-output>
        </test-method> <!-- configAfterMethod -->
        <test-method is-config="true" signature="configAfterClass()[pri:0, instance:com.crm.comcast.orgtest.CreateOrgConfigAnnotationsTest@399f45b1]" started-at="2025-04-29T21:00:56 IST" name="configAfterClass" finished-at="2025-04-29T21:00:56 IST" duration-ms="1" status="PASS">
          <reporter-output>
          </reporter-output>
        </test-method> <!-- configAfterClass -->
        <test-method is-config="true" signature="configAfterSuite()[pri:0, instance:com.crm.comcast.orgtest.CreateOrgConfigAnnotationsTest@399f45b1]" started-at="2025-04-29T21:00:56 IST" name="configAfterSuite" finished-at="2025-04-29T21:00:56 IST" duration-ms="0" status="PASS">
          <reporter-output>
          </reporter-output>
        </test-method> <!-- configAfterSuite -->
      </class> <!-- com.crm.comcast.orgtest.CreateOrgConfigAnnotationsTest -->
    </test> <!-- Default test -->
  </suite> <!-- Default suite -->
</testng-results>
