<?xml version="1.0" encoding="UTF-8"?>
<testng-results ignored="0" total="2" passed="1" failed="1" skipped="0">
  <reporter-output>
  </reporter-output>
  <suite started-at="2025-10-14T13:49:42 IST" name="Default suite" finished-at="2025-10-14T13:49:46 IST" duration-ms="3745">
    <groups>
    </groups>
    <test started-at="2025-10-14T13:49:42 IST" name="Default test" finished-at="2025-10-14T13:49:46 IST" duration-ms="3745">
      <class name="userTestClasses.EmployeeTest">
        <test-method is-config="true" signature="setupSuite()[pri:0, instance:userTestClasses.EmployeeTest@7d20d0b]" started-at="2025-10-14T13:49:41 IST" name="setupSuite" finished-at="2025-10-14T13:49:42 IST" duration-ms="937" status="PASS">
          <reporter-output>
          </reporter-output>
        </test-method> <!-- setupSuite -->
        <test-method signature="addEmployeeTest()[pri:0, instance:userTestClasses.EmployeeTest@7d20d0b]" started-at="2025-10-14T13:49:42 IST" name="addEmployeeTest" finished-at="2025-10-14T13:49:45 IST" duration-ms="2444" status="FAIL">
          <exception class="java.lang.NullPointerException">
            <message>
              <![CDATA[Cannot invoke "java.sql.ResultSet.next()" because "rs" is null]]>
            </message>
            <full-stacktrace>
              <![CDATA[java.lang.NullPointerException: Cannot invoke "java.sql.ResultSet.next()" because "rs" is null
at userTestClasses.EmployeeTest.addEmployeeTest(EmployeeTest.java:62)
at java.base/jdk.internal.reflect.DirectMethodHandleAccessor.invoke(DirectMethodHandleAccessor.java:103)
at java.base/java.lang.reflect.Method.invoke(Method.java:580)
at org.testng.internal.MethodInvocationHelper.invokeMethod(MethodInvocationHelper.java:133)
at org.testng.internal.TestInvoker.invokeMethod(TestInvoker.java:598)
at org.testng.internal.TestInvoker.invokeTestMethod(TestInvoker.java:173)
at org.testng.internal.MethodRunner.runInSequence(MethodRunner.java:46)
at org.testng.internal.TestInvoker$MethodInvocationAgent.invoke(TestInvoker.java:824)
at org.testng.internal.TestInvoker.invokeTestMethods(TestInvoker.java:146)
at org.testng.internal.TestMethodWorker.invokeTestMethods(TestMethodWorker.java:146)
at org.testng.internal.TestMethodWorker.run(TestMethodWorker.java:128)
at java.base/java.util.ArrayList.forEach(ArrayList.java:1597)
at org.testng.TestRunner.privateRun(TestRunner.java:794)
at org.testng.TestRunner.run(TestRunner.java:596)
at org.testng.SuiteRunner.runTest(SuiteRunner.java:377)
at org.testng.SuiteRunner.runSequentially(SuiteRunner.java:371)
at org.testng.SuiteRunner.privateRun(SuiteRunner.java:332)
at org.testng.SuiteRunner.run(SuiteRunner.java:276)
at org.testng.SuiteRunnerWorker.runSuite(SuiteRunnerWorker.java:53)
at org.testng.SuiteRunnerWorker.run(SuiteRunnerWorker.java:96)
at org.testng.TestNG.runSuitesSequentially(TestNG.java:1212)
at org.testng.TestNG.runSuitesLocally(TestNG.java:1134)
at org.testng.TestNG.runSuites(TestNG.java:1063)
at org.testng.TestNG.run(TestNG.java:1031)
at org.testng.remote.AbstractRemoteTestNG.run(AbstractRemoteTestNG.java:115)
at org.testng.remote.RemoteTestNG.initAndRun(RemoteTestNG.java:293)
at org.testng.remote.RemoteTestNG.main(RemoteTestNG.java:91)
]]>
            </full-stacktrace>
          </exception> <!-- java.lang.NullPointerException -->
          <reporter-output>
          </reporter-output>
        </test-method> <!-- addEmployeeTest -->
        <test-method signature="addEmployeeWithoutEmailTest()[pri:0, instance:userTestClasses.EmployeeTest@7d20d0b]" started-at="2025-10-14T13:49:45 IST" name="addEmployeeWithoutEmailTest" finished-at="2025-10-14T13:49:46 IST" duration-ms="1222" status="PASS">
          <reporter-output>
          </reporter-output>
        </test-method> <!-- addEmployeeWithoutEmailTest -->
        <test-method is-config="true" signature="tearDownSuite()[pri:0, instance:userTestClasses.EmployeeTest@7d20d0b]" started-at="2025-10-14T13:49:46 IST" name="tearDownSuite" finished-at="2025-10-14T13:49:46 IST" duration-ms="234" status="PASS">
          <reporter-output>
          </reporter-output>
        </test-method> <!-- tearDownSuite -->
      </class> <!-- userTestClasses.EmployeeTest -->
    </test> <!-- Default test -->
  </suite> <!-- Default suite -->
</testng-results>
