<?xml version="1.0" encoding="UTF-8"?>
<!-- Generated by org.testng.reporters.JUnitXMLReporter -->
<testsuite ignored="0" hostname="Swati" failures="1" tests="1" name="Default test(failed)" time="0.038" errors="0" timestamp="2025-04-11T11:17:17 IST">
  <testcase classname="practice.testng.InvoiceTest4" name="activateSIM" time="0.011">
    <failure type="java.lang.AssertionError" message="expected [Login] but found []">
      <![CDATA[java.lang.AssertionError: expected [Login] but found []
at practice.testng.InvoiceTest4.activateSIM(InvoiceTest4.java:15)
at java.base/java.util.ArrayList.forEach(ArrayList.java:1597)
... Removed 31 stack frames]]>
    </failure>
  </testcase> <!-- activateSIM -->
</testsuite> <!-- Default test(failed) -->
