<?xml version="1.0" encoding="UTF-8"?>
<!-- Generated by org.testng.reporters.JUnitXMLReporter -->
<testsuite ignored="1" hostname="Swati" failures="0" tests="1" name="Default test" time="0.034" errors="0" timestamp="2025-04-29T21:00:56 IST">
  <testcase classname="com.crm.comcast.orgtest.CreateOrgConfigAnnotationsTest" name="createOrg" time="0.007"/>
  <testcase classname="com.crm.comcast.orgtest.CreateOrgConfigAnnotationsTest" name="createOrgWithIndustry" time="0.0">
    <ignored/>
  </testcase> <!-- createOrgWithIndustry -->
</testsuite> <!-- Default test -->
